nohup: ignoring input
[FR] Surveillance en temps réel des modifications pour backup...
Setting up watches.  Beware: since -r was given, this may take a while!
Watches established.
/workspaces/Dihya/ MODIFY backup_realtime.log
[FR] Démarrage de la sauvegarde avancée...
/workspaces/Dihya/scripts/backup.sh: line 27: /var/log/dihya_backup.log: Permission denied
[2025-05-25_06-39-38] Backup: success - /workspaces/Dihya/backups/dihya_backend_2025-05-25_06-39-38.tar.gz
[2025-05-25_06-50-42] Backup: success - /workspaces/Dihya/backups/dihya_backend_2025-05-25_06-50-42.tar.gz
[2025-05-25_07-06-07] Backup: success - /workspaces/Dihya/backups/dihya_backend_2025-05-25_07-06-07.tar.gz
[2025-05-25_07-06-23] Backup: success - /workspaces/Dihya/backups/dihya_backend_2025-05-25_07-06-23.tar.gz
[2025-05-25_07-10-57] Backup: success - /workspaces/Dihya/backups/dihya_backend_2025-05-25_07-10-57.tar.gz
[2025-05-25_07-11-14] Backup: success - /workspaces/Dihya/backups/dihya_backend_2025-05-25_07-11-14.tar.gz
[2025-05-25_07-11-32] Backup: success - /workspaces/Dihya/backups/dihya_backend_2025-05-25_07-11-32.tar.gz
[2025-05-25_07-13-43] Backup: success - /workspaces/Dihya/backups/dihya_backend_2025-05-25_07-13-43.tar.gz
[2025-05-25_07-20-30] Backup: success - /workspaces/Dihya/backups/dihya_backend_2025-05-25_07-20-30.tar.gz
[2025-05-25_07-20-48] Backup: success - /workspaces/Dihya/backups/dihya_backend_2025-05-25_07-20-48.tar.gz
[2025-05-25_07-21-01] Backup: success - /workspaces/Dihya/backups/dihya_backend_2025-05-25_07-21-01.tar.gz
[2025-05-25_07-21-27] Backup: success - /workspaces/Dihya/backups/dihya_backend_2025-05-25_07-21-27.tar.gz
[2025-05-25_07-21-42] Backup: success - /workspaces/Dihya/backups/dihya_backend_2025-05-25_07-21-42.tar.gz
[2025-05-25_07-21-56] Backup: success - /workspaces/Dihya/backups/dihya_backend_2025-05-25_07-21-56.tar.gz
[2025-05-25_07-22-16] Backup: success - /workspaces/Dihya/backups/dihya_backend_2025-05-25_07-22-16.tar.gz
[2025-05-25_07-22-32] Backup: success - /workspaces/Dihya/backups/dihya_backend_2025-05-25_07-22-32.tar.gz
[2025-05-25_07-22-52] Backup: success - /workspaces/Dihya/backups/dihya_backend_2025-05-25_07-22-52.tar.gz
[2025-05-25_07-23-06] Backup: success - /workspaces/Dihya/backups/dihya_backend_2025-05-25_07-23-06.tar.gz
[2025-05-25_07-23-21] Backup: success - /workspaces/Dihya/backups/dihya_backend_2025-05-25_07-23-21.tar.gz
[2025-05-25_07-23-44] Backup: success - /workspaces/Dihya/backups/dihya_backend_2025-05-25_07-23-44.tar.gz
[2025-05-25_07-24-01] Backup: success - /workspaces/Dihya/backups/dihya_backend_2025-05-25_07-24-01.tar.gz
[2025-05-25_07-24-19] Backup: success - /workspaces/Dihya/backups/dihya_backend_2025-05-25_07-24-19.tar.gz
[2025-05-25_07-24-35] Backup: success - /workspaces/Dihya/backups/dihya_backend_2025-05-25_07-24-35.tar.gz
[2025-05-25_07-24-52] Backup: success - /workspaces/Dihya/backups/dihya_backend_2025-05-25_07-24-52.tar.gz
[2025-05-25_07-25-11] Backup: success - /workspaces/Dihya/backups/dihya_backend_2025-05-25_07-25-11.tar.gz
[2025-05-25_07-25-33] Backup: success - /workspaces/Dihya/backups/dihya_backend_2025-05-25_07-25-33.tar.gz
[2025-05-25_07-26-59] Backup: success - /workspaces/Dihya/backups/dihya_backend_2025-05-25_07-26-59.tar.gz
[2025-05-25_07-27-14] Backup: success - /workspaces/Dihya/backups/dihya_backend_2025-05-25_07-27-14.tar.gz
[2025-05-25_07-27-37] Backup: success - /workspaces/Dihya/backups/dihya_backend_2025-05-25_07-27-37.tar.gz
[2025-05-25_07-27-49] Backup: success - /workspaces/Dihya/backups/dihya_backend_2025-05-25_07-27-49.tar.gz
[2025-05-25_07-28-06] Backup: success - /workspaces/Dihya/backups/dihya_backend_2025-05-25_07-28-06.tar.gz
[2025-05-25_07-28-25] Backup: success - /workspaces/Dihya/backups/dihya_backend_2025-05-25_07-28-25.tar.gz
[2025-05-25_07-29-07] Backup: success - /workspaces/Dihya/backups/dihya_backend_2025-05-25_07-29-07.tar.gz
[2025-05-25_07-29-29] Backup: success - /workspaces/Dihya/backups/dihya_backend_2025-05-25_07-29-29.tar.gz
[2025-05-25_07-29-45] Backup: success - /workspaces/Dihya/backups/dihya_backend_2025-05-25_07-29-45.tar.gz
[2025-05-25_07-30-00] Backup: success - /workspaces/Dihya/backups/dihya_backend_2025-05-25_07-30-00.tar.gz
[2025-05-25_07-30-15] Backup: success - /workspaces/Dihya/backups/dihya_backend_2025-05-25_07-30-15.tar.gz
[2025-05-25_07-30-42] Backup: success - /workspaces/Dihya/backups/dihya_backend_2025-05-25_07-30-42.tar.gz
[2025-05-25_07-30-58] Backup: success - /workspaces/Dihya/backups/dihya_backend_2025-05-25_07-30-58.tar.gz
[2025-05-25_07-31-17] Backup: success - /workspaces/Dihya/backups/dihya_backend_2025-05-25_07-31-17.tar.gz
[2025-05-25_07-33-10] Backup: success - /workspaces/Dihya/backups/dihya_backend_2025-05-25_07-33-10.tar.gz
[2025-05-25_07-33-31] Backup: success - /workspaces/Dihya/backups/dihya_backend_2025-05-25_07-33-31.tar.gz
[2025-05-25_07-33-54] Backup: success - /workspaces/Dihya/backups/dihya_backend_2025-05-25_07-33-54.tar.gz
[2025-05-25_07-34-12] Backup: success - /workspaces/Dihya/backups/dihya_backend_2025-05-25_07-34-12.tar.gz
[2025-05-25_07-34-32] Backup: success - /workspaces/Dihya/backups/dihya_backend_2025-05-25_07-34-32.tar.gz
[2025-05-25_07-34-44] Backup: success - /workspaces/Dihya/backups/dihya_backend_2025-05-25_07-34-44.tar.gz
[2025-05-25_07-34-58] Backup: success - /workspaces/Dihya/backups/dihya_backend_2025-05-25_07-34-58.tar.gz
[2025-05-25_07-35-14] Backup: success - /workspaces/Dihya/backups/dihya_backend_2025-05-25_07-35-14.tar.gz
[2025-05-25_07-36-23] Backup: success - /workspaces/Dihya/backups/dihya_backend_2025-05-25_07-36-23.tar.gz
[2025-05-25_07-36-38] Backup: success - /workspaces/Dihya/backups/dihya_backend_2025-05-25_07-36-38.tar.gz
[2025-05-25_07-36-52] Backup: success - /workspaces/Dihya/backups/dihya_backend_2025-05-25_07-36-52.tar.gz
[2025-05-25_07-37-13] Backup: success - /workspaces/Dihya/backups/dihya_backend_2025-05-25_07-37-13.tar.gz
[2025-05-25_07-39-04] Backup: success - /workspaces/Dihya/backups/dihya_backend_2025-05-25_07-39-04.tar.gz
[2025-05-25_07-39-22] Backup: success - /workspaces/Dihya/backups/dihya_backend_2025-05-25_07-39-22.tar.gz
[2025-05-25_07-39-43] Backup: success - /workspaces/Dihya/backups/dihya_backend_2025-05-25_07-39-43.tar.gz
[2025-05-25_07-39-56] Backup: success - /workspaces/Dihya/backups/dihya_backend_2025-05-25_07-39-56.tar.gz
[2025-05-25_07-41-05] Backup: success - /workspaces/Dihya/backups/dihya_backend_2025-05-25_07-41-05.tar.gz
[2025-05-25_07-41-24] Backup: success - /workspaces/Dihya/backups/dihya_backend_2025-05-25_07-41-24.tar.gz
[2025-05-25_07-41-45] Backup: success - /workspaces/Dihya/backups/dihya_backend_2025-05-25_07-41-45.tar.gz
[2025-05-25_07-42-01] Backup: success - /workspaces/Dihya/backups/dihya_backend_2025-05-25_07-42-01.tar.gz
[2025-05-25_07-42-37] Backup: success - /workspaces/Dihya/backups/dihya_backend_2025-05-25_07-42-37.tar.gz
[2025-05-25_07-45-32] Backup: success - /workspaces/Dihya/backups/dihya_backend_2025-05-25_07-45-32.tar.gz
[2025-05-25_07-45-46] Backup: success - /workspaces/Dihya/backups/dihya_backend_2025-05-25_07-45-46.tar.gz
[2025-05-25_07-46-19] Backup: success - /workspaces/Dihya/backups/dihya_backend_2025-05-25_07-46-19.tar.gz
[2025-05-25_07-46-47] Backup: success - /workspaces/Dihya/backups/dihya_backend_2025-05-25_07-46-47.tar.gz
[2025-05-25_07-47-13] Backup: success - /workspaces/Dihya/backups/dihya_backend_2025-05-25_07-47-13.tar.gz
[2025-05-25_07-47-35] Backup: success - /workspaces/Dihya/backups/dihya_backend_2025-05-25_07-47-35.tar.gz
[2025-05-25_07-47-50] Backup: success - /workspaces/Dihya/backups/dihya_backend_2025-05-25_07-47-50.tar.gz
[2025-05-25_07-48-21] Backup: success - /workspaces/Dihya/backups/dihya_backend_2025-05-25_07-48-21.tar.gz
[2025-05-25_07-48-34] Backup: success - /workspaces/Dihya/backups/dihya_backend_2025-05-25_07-48-34.tar.gz
[2025-05-25_07-49-08] Backup: success - /workspaces/Dihya/backups/dihya_backend_2025-05-25_07-49-08.tar.gz
[2025-05-25_07-49-24] Backup: success - /workspaces/Dihya/backups/dihya_backend_2025-05-25_07-49-24.tar.gz
[2025-05-25_07-52-01] Backup: success - /workspaces/Dihya/backups/dihya_backend_2025-05-25_07-52-01.tar.gz
[2025-05-25_07-52-39] Backup: success - /workspaces/Dihya/backups/dihya_backend_2025-05-25_07-52-39.tar.gz
[2025-05-25_07-52-52] Backup: success - /workspaces/Dihya/backups/dihya_backend_2025-05-25_07-52-52.tar.gz
[2025-05-25_07-53-05] Backup: success - /workspaces/Dihya/backups/dihya_backend_2025-05-25_07-53-05.tar.gz
[2025-05-25_07-53-21] Backup: success - /workspaces/Dihya/backups/dihya_backend_2025-05-25_07-53-21.tar.gz
[2025-05-25_07-53-33] Backup: success - /workspaces/Dihya/backups/dihya_backend_2025-05-25_07-53-33.tar.gz
[2025-05-25_07-53-49] Backup: success - /workspaces/Dihya/backups/dihya_backend_2025-05-25_07-53-49.tar.gz
[2025-05-25_07-54-04] Backup: success - /workspaces/Dihya/backups/dihya_backend_2025-05-25_07-54-04.tar.gz
[2025-05-25_07-54-25] Backup: success - /workspaces/Dihya/backups/dihya_backend_2025-05-25_07-54-25.tar.gz
[2025-05-25_07-54-41] Backup: success - /workspaces/Dihya/backups/dihya_backend_2025-05-25_07-54-41.tar.gz
[2025-05-25_07-54-55] Backup: success - /workspaces/Dihya/backups/dihya_backend_2025-05-25_07-54-55.tar.gz
[2025-05-25_07-55-09] Backup: success - /workspaces/Dihya/backups/dihya_backend_2025-05-25_07-55-09.tar.gz
[2025-05-25_07-57-32] Backup: success - /workspaces/Dihya/backups/dihya_backend_2025-05-25_07-57-32.tar.gz
[2025-05-25_07-57-55] Backup: success - /workspaces/Dihya/backups/dihya_backend_2025-05-25_07-57-55.tar.gz
[2025-05-25_07-58-12] Backup: success - /workspaces/Dihya/backups/dihya_backend_2025-05-25_07-58-12.tar.gz
[2025-05-25_07-58-34] Backup: success - /workspaces/Dihya/backups/dihya_backend_2025-05-25_07-58-34.tar.gz
[2025-05-25_07-58-47] Backup: success - /workspaces/Dihya/backups/dihya_backend_2025-05-25_07-58-47.tar.gz
[2025-05-25_07-59-01] Backup: success - /workspaces/Dihya/backups/dihya_backend_2025-05-25_07-59-01.tar.gz
[2025-05-25_07-59-16] Backup: success - /workspaces/Dihya/backups/dihya_backend_2025-05-25_07-59-16.tar.gz
[2025-05-25_07-59-30] Backup: success - /workspaces/Dihya/backups/dihya_backend_2025-05-25_07-59-30.tar.gz
[2025-05-25_07-59-51] Backup: success - /workspaces/Dihya/backups/dihya_backend_2025-05-25_07-59-51.tar.gz
[2025-05-25_08-00-11] Backup: success - /workspaces/Dihya/backups/dihya_backend_2025-05-25_08-00-11.tar.gz
[2025-05-25_08-01-44] Backup: success - /workspaces/Dihya/backups/dihya_backend_2025-05-25_08-01-44.tar.gz
[2025-05-25_08-02-09] Backup: success - /workspaces/Dihya/backups/dihya_backend_2025-05-25_08-02-09.tar.gz
[2025-05-25_08-02-24] Backup: success - /workspaces/Dihya/backups/dihya_backend_2025-05-25_08-02-24.tar.gz
[2025-05-25_08-02-44] Backup: success - /workspaces/Dihya/backups/dihya_backend_2025-05-25_08-02-44.tar.gz
[2025-05-25_08-02-56] Backup: success - /workspaces/Dihya/backups/dihya_backend_2025-05-25_08-02-56.tar.gz
[2025-05-25_08-03-09] Backup: success - /workspaces/Dihya/backups/dihya_backend_2025-05-25_08-03-09.tar.gz
[2025-05-25_08-03-29] Backup: success - /workspaces/Dihya/backups/dihya_backend_2025-05-25_08-03-29.tar.gz
[2025-05-25_08-03-42] Backup: success - /workspaces/Dihya/backups/dihya_backend_2025-05-25_08-03-42.tar.gz
[2025-05-25_08-04-10] Backup: success - /workspaces/Dihya/backups/dihya_backend_2025-05-25_08-04-10.tar.gz
[2025-05-25_08-04-22] Backup: success - /workspaces/Dihya/backups/dihya_backend_2025-05-25_08-04-22.tar.gz
[2025-05-25_08-04-52] Backup: success - /workspaces/Dihya/backups/dihya_backend_2025-05-25_08-04-52.tar.gz
[2025-05-25_08-05-10] Backup: success - /workspaces/Dihya/backups/dihya_backend_2025-05-25_08-05-10.tar.gz
[2025-05-25_08-05-25] Backup: success - /workspaces/Dihya/backups/dihya_backend_2025-05-25_08-05-25.tar.gz
[2025-05-25_08-05-40] Backup: success - /workspaces/Dihya/backups/dihya_backend_2025-05-25_08-05-40.tar.gz
[2025-05-25_08-06-06] Backup: success - /workspaces/Dihya/backups/dihya_backend_2025-05-25_08-06-06.tar.gz
[2025-05-25_08-06-41] Backup: success - /workspaces/Dihya/backups/dihya_backend_2025-05-25_08-06-41.tar.gz
[2025-05-25_08-06-54] Backup: success - /workspaces/Dihya/backups/dihya_backend_2025-05-25_08-06-54.tar.gz
[2025-05-25_08-07-10] Backup: success - /workspaces/Dihya/backups/dihya_backend_2025-05-25_08-07-10.tar.gz
[2025-05-25_08-07-23] Backup: success - /workspaces/Dihya/backups/dihya_backend_2025-05-25_08-07-23.tar.gz
[2025-05-25_08-07-37] Backup: success - /workspaces/Dihya/backups/dihya_backend_2025-05-25_08-07-37.tar.gz
[2025-05-25_08-07-49] Backup: success - /workspaces/Dihya/backups/dihya_backend_2025-05-25_08-07-49.tar.gz
[2025-05-25_08-08-17] Backup: success - /workspaces/Dihya/backups/dihya_backend_2025-05-25_08-08-17.tar.gz
[2025-05-25_08-08-51] Backup: success - /workspaces/Dihya/backups/dihya_backend_2025-05-25_08-08-51.tar.gz
[2025-05-25_08-10-02] Backup: success - /workspaces/Dihya/backups/dihya_backend_2025-05-25_08-10-02.tar.gz
[2025-05-25_08-10-43] Backup: success - /workspaces/Dihya/backups/dihya_backend_2025-05-25_08-10-43.tar.gz
[2025-05-25_08-11-07] Backup: success - /workspaces/Dihya/backups/dihya_backend_2025-05-25_08-11-07.tar.gz
[2025-05-25_08-11-22] Backup: success - /workspaces/Dihya/backups/dihya_backend_2025-05-25_08-11-22.tar.gz
[2025-05-25_08-11-55] Backup: success - /workspaces/Dihya/backups/dihya_backend_2025-05-25_08-11-55.tar.gz
[2025-05-25_08-12-19] Backup: success - /workspaces/Dihya/backups/dihya_backend_2025-05-25_08-12-19.tar.gz
[2025-05-25_08-12-34] Backup: success - /workspaces/Dihya/backups/dihya_backend_2025-05-25_08-12-34.tar.gz
[2025-05-25_08-13-16] Backup: success - /workspaces/Dihya/backups/dihya_backend_2025-05-25_08-13-16.tar.gz
[2025-05-25_08-13-30] Backup: success - /workspaces/Dihya/backups/dihya_backend_2025-05-25_08-13-30.tar.gz
[2025-05-25_08-13-53] Backup: success - /workspaces/Dihya/backups/dihya_backend_2025-05-25_08-13-53.tar.gz
[2025-05-25_08-14-24] Backup: success - /workspaces/Dihya/backups/dihya_backend_2025-05-25_08-14-24.tar.gz
[2025-05-25_08-14-41] Backup: success - /workspaces/Dihya/backups/dihya_backend_2025-05-25_08-14-41.tar.gz
[2025-05-25_08-14-54] Backup: success - /workspaces/Dihya/backups/dihya_backend_2025-05-25_08-14-54.tar.gz
[2025-05-25_08-15-08] Backup: success - /workspaces/Dihya/backups/dihya_backend_2025-05-25_08-15-08.tar.gz
[2025-05-25_08-15-26] Backup: success - /workspaces/Dihya/backups/dihya_backend_2025-05-25_08-15-26.tar.gz
[2025-05-25_08-15-45] Backup: success - /workspaces/Dihya/backups/dihya_backend_2025-05-25_08-15-45.tar.gz
[2025-05-25_08-16-58] Backup: success - /workspaces/Dihya/backups/dihya_backend_2025-05-25_08-16-58.tar.gz
[2025-05-25_08-17-27] Backup: success - /workspaces/Dihya/backups/dihya_backend_2025-05-25_08-17-27.tar.gz
